<?xml version="1.0" encoding="UTF-8"?>
<testng-results ignored="0" total="1" passed="1" failed="0" skipped="0">
  <reporter-output>
  </reporter-output>
  <suite started-at="2025-06-26T17:24:24 CDT" name="Default suite" finished-at="2025-06-26T17:24:27 CDT" duration-ms="2862">
    <groups>
    </groups>
    <test started-at="2025-06-26T17:24:24 CDT" name="Default test" finished-at="2025-06-26T17:24:27 CDT" duration-ms="2862">
      <class name="getBody.getOnlyBody">
        <test-method signature="getBody_Info()[pri:0, instance:getBody.getOnlyBody@4c12331b]" started-at="2025-06-26T17:24:24 CDT" name="getBody_Info" finished-at="2025-06-26T17:24:27 CDT" duration-ms="2781" status="PASS">
          <reporter-output>
          </reporter-output>
        </test-method> <!-- getBody_Info -->
      </class> <!-- getBody.getOnlyBody -->
    </test> <!-- Default test -->
  </suite> <!-- Default suite -->
</testng-results>
